<?xml version="1.0" encoding="UTF-8"?>
<!-- Generated by org.testng.reporters.JUnitReportReporter -->
<testsuite hostname="PURE-DEV-FURQANPATEL" failures="0" tests="1" name="cucumberOptions.TestNGTestRunner" time="4.668" errors="0" timestamp="2023-09-30T17:46:47 PKT" skipped="0">
  <testcase classname="cucumberOptions.TestNGTestRunner" name="runScenario" time="4.668"/>
  <system-out/>
</testsuite> <!-- cucumberOptions.TestNGTestRunner -->
